Listening for transport dt_socket at address: 8000
21:58:25,015 INFO  ~ Starting /home/jerome/tools/play/play-cucumber-sample
21:58:25,022 INFO  ~ Module cucumber is available (/home/jerome/tools/play/play-1.2.4/modules/cucumber-0.1)
21:58:25,703 WARN  ~ You're running Play! in DEV mode
~
~ Go to http://localhost:9000/@cukes to run the cucumber tests
~
21:58:25,796 INFO  ~ Listening for HTTP on port 9000 (Waiting a first request to start) ...
21:58:28,495 ERROR ~ 

@69l1nn195
Internal Server Error (500) for request GET /@cukes/run.cli

JPA error
A JPA error occurred (Cannot start a JPA manager without a properly configured database): No datasource configured

play.exceptions.JPAException: Cannot start a JPA manager without a properly configured database
	at play.db.jpa.JPAPlugin.onApplicationStart(JPAPlugin.java:115)
	at play.plugins.PluginCollection.onApplicationStart(PluginCollection.java:480)
	at play.Play.start(Play.java:515)
	at play.Play.detectChanges(Play.java:618)
	at play.Invoker$Invocation.init(Invoker.java:198)
	at Invocation.HTTP Request(Play!)
Caused by: java.lang.NullPointerException: No datasource configured
	... 6 more
@KILLED
